0 info it worked if it ends with ok
1 verbose cli [ '/usr/bin/nodejs', '/usr/bin/npm', 'install', 'smokejs' ]
2 info using npm@1.3.10
3 info using node@v0.10.25
4 verbose readDependencies using package.json deps
5 verbose cache add [ 'smokejs', null ]
6 verbose cache add name=undefined spec="smokejs" args=["smokejs",null]
7 verbose parsed url { protocol: null,
7 verbose parsed url   slashes: null,
7 verbose parsed url   auth: null,
7 verbose parsed url   host: null,
7 verbose parsed url   port: null,
7 verbose parsed url   hostname: null,
7 verbose parsed url   hash: null,
7 verbose parsed url   search: null,
7 verbose parsed url   query: null,
7 verbose parsed url   pathname: 'smokejs',
7 verbose parsed url   path: 'smokejs',
7 verbose parsed url   href: 'smokejs' }
8 silly lockFile 0e49f806-smokejs smokejs
9 verbose lock smokejs /home/mariog/.npm/0e49f806-smokejs.lock
10 silly lockFile 0e49f806-smokejs smokejs
11 silly lockFile 0e49f806-smokejs smokejs
12 verbose addNamed [ 'smokejs', '' ]
13 verbose addNamed [ null, '*' ]
14 silly lockFile c38a5f2f-smokejs smokejs@
15 verbose lock smokejs@ /home/mariog/.npm/c38a5f2f-smokejs.lock
16 silly addNameRange { name: 'smokejs', range: '*', hasData: false }
17 verbose url raw smokejs
18 verbose url resolving [ 'https://registry.npmjs.org/', './smokejs' ]
19 verbose url resolved https://registry.npmjs.org/smokejs
20 info trying registry request attempt 1 at 18:31:39
21 http GET https://registry.npmjs.org/smokejs
22 http 200 https://registry.npmjs.org/smokejs
23 silly registry.get cb [ 200,
23 silly registry.get   { server: 'CouchDB/1.5.0 (Erlang OTP/R16B03)',
23 silly registry.get     etag: '"3MUJQJ3I4M126I5ITPQZIL1R4"',
23 silly registry.get     'content-type': 'application/json',
23 silly registry.get     'cache-control': 'max-age=300',
23 silly registry.get     'content-length': '8063',
23 silly registry.get     'accept-ranges': 'bytes',
23 silly registry.get     date: 'Wed, 01 Jun 2016 16:31:40 GMT',
23 silly registry.get     via: '1.1 varnish',
23 silly registry.get     age: '0',
23 silly registry.get     connection: 'keep-alive',
23 silly registry.get     'x-served-by': 'cache-ams4135-AMS',
23 silly registry.get     'x-cache': 'MISS',
23 silly registry.get     'x-cache-hits': '0',
23 silly registry.get     'x-timer': 'S1464798700.365019,VS0,VE105',
23 silly registry.get     vary: 'Accept-Encoding' } ]
24 silly addNameRange number 2 { name: 'smokejs', range: '*', hasData: true }
25 silly addNameRange versions [ 'smokejs', [ '2.2.4', '3.0.0', '3.0.1' ] ]
26 verbose addNamed [ 'smokejs', '3.0.1' ]
27 verbose addNamed [ '3.0.1', '3.0.1' ]
28 silly lockFile f077de4f-smokejs-3-0-1 smokejs@3.0.1
29 verbose lock smokejs@3.0.1 /home/mariog/.npm/f077de4f-smokejs-3-0-1.lock
30 silly lockFile a0f23f90-js-org-smokejs-smokejs-3-0-1-tgz https://registry.npmjs.org/smokejs/-/smokejs-3.0.1.tgz
31 verbose lock https://registry.npmjs.org/smokejs/-/smokejs-3.0.1.tgz /home/mariog/.npm/a0f23f90-js-org-smokejs-smokejs-3-0-1-tgz.lock
32 verbose addRemoteTarball [ 'https://registry.npmjs.org/smokejs/-/smokejs-3.0.1.tgz',
32 verbose addRemoteTarball   '1a1f84d423134c61afefebbf600b8314e77afe2b' ]
33 silly lockFile a0f23f90-js-org-smokejs-smokejs-3-0-1-tgz https://registry.npmjs.org/smokejs/-/smokejs-3.0.1.tgz
34 silly lockFile a0f23f90-js-org-smokejs-smokejs-3-0-1-tgz https://registry.npmjs.org/smokejs/-/smokejs-3.0.1.tgz
35 silly lockFile f077de4f-smokejs-3-0-1 smokejs@3.0.1
36 silly lockFile f077de4f-smokejs-3-0-1 smokejs@3.0.1
37 silly lockFile c38a5f2f-smokejs smokejs@
38 silly lockFile c38a5f2f-smokejs smokejs@
39 error Error: EACCES, mkdir '/home/mariog/tmp/npm-25195-vXcIpaMr'
39 error  { [Error: EACCES, mkdir '/home/mariog/tmp/npm-25195-vXcIpaMr']
39 error   errno: 3,
39 error   code: 'EACCES',
39 error   path: '/home/mariog/tmp/npm-25195-vXcIpaMr' }
40 error Please try running this command again as root/Administrator.
41 error System Linux 3.13.0-79-generic
42 error command "/usr/bin/nodejs" "/usr/bin/npm" "install" "smokejs"
43 error cwd /var/www/html/prueba
44 error node -v v0.10.25
45 error npm -v 1.3.10
46 error path /home/mariog/tmp/npm-25195-vXcIpaMr
47 error code EACCES
48 error errno 3
49 error stack Error: EACCES, mkdir '/home/mariog/tmp/npm-25195-vXcIpaMr'
50 verbose exit [ 3, true ]
